{"C:\\Users\\14077\\Documents\\counter-assignment-clone\\counter-assignment\\src\\components\\App.js": {"path":"C:\\Users\\14077\\Documents\\counter-assignment-clone\\counter-assignment\\src\\components\\App.js","statementMap":{"0":{"start":{"line":5,"column":2},"end":{"line":10,"column":4}}},"fnMap":{"0":{"name":"App","decl":{"start":{"line":4,"column":9},"end":{"line":4,"column":12}},"loc":{"start":{"line":4,"column":15},"end":{"line":11,"column":1}},"line":4}},"branchMap":{},"s":{"0":1},"f":{"0":1},"b":{},"_coverageSchema":"1a1c01bbd47fc00a2c39e90264f33305004495a9","hash":"74bb484ac2014ea914a3a9dd7071215bcb7df8ae"}
,"C:\\Users\\14077\\Documents\\counter-assignment-clone\\counter-assignment\\src\\components\\Counter.js": {"path":"C:\\Users\\14077\\Documents\\counter-assignment-clone\\counter-assignment\\src\\components\\Counter.js","statementMap":{"0":{"start":{"line":4,"column":28},"end":{"line":4,"column":39}},"1":{"start":{"line":6,"column":4},"end":{"line":6,"column":35}},"2":{"start":{"line":6,"column":24},"end":{"line":6,"column":33}},"3":{"start":{"line":9,"column":4},"end":{"line":9,"column":35}},"4":{"start":{"line":9,"column":24},"end":{"line":9,"column":33}},"5":{"start":{"line":11,"column":2},"end":{"line":18,"column":4}}},"fnMap":{"0":{"name":"Counter","decl":{"start":{"line":3,"column":24},"end":{"line":3,"column":31}},"loc":{"start":{"line":3,"column":34},"end":{"line":19,"column":1}},"line":3},"1":{"name":"increment","decl":{"start":{"line":5,"column":11},"end":{"line":5,"column":20}},"loc":{"start":{"line":5,"column":23},"end":{"line":7,"column":3}},"line":5},"2":{"name":"(anonymous_2)","decl":{"start":{"line":6,"column":13},"end":{"line":6,"column":14}},"loc":{"start":{"line":6,"column":24},"end":{"line":6,"column":33}},"line":6},"3":{"name":"decrement","decl":{"start":{"line":8,"column":11},"end":{"line":8,"column":20}},"loc":{"start":{"line":8,"column":23},"end":{"line":10,"column":3}},"line":8},"4":{"name":"(anonymous_4)","decl":{"start":{"line":9,"column":13},"end":{"line":9,"column":14}},"loc":{"start":{"line":9,"column":24},"end":{"line":9,"column":33}},"line":9}},"branchMap":{},"s":{"0":7,"1":1,"2":1,"3":1,"4":1,"5":7},"f":{"0":7,"1":1,"2":1,"3":1,"4":1},"b":{},"_coverageSchema":"1a1c01bbd47fc00a2c39e90264f33305004495a9","hash":"7da1899086b46a1caf398e96e98e6eb700e3cd24"}
}
